<?xml version="1.0" encoding="utf-8"?>
<shfbBuild product="Sandcastle Help File Builder and Tools" version="2020.3.6.0" projectFile="D:\Dropbox\Coursera C# Unity\1 Intro C# Prog Unity\Module 2 Classes and Objects\Programming Assignment 2\ConsoleCards\Documentation\Documentation.shfbproj" started="7/1/2020 8:06:57 AM">
<buildStep step="Initializing">
Finding tools...
The Sandcastle tools are located in &#39;C:\Program Files (x86)\EWSoftware\Sandcastle Help File Builder\&#39;
Locating components in the following folder(s):
    D:\Dropbox\Coursera C# Unity\1 Intro C# Prog Unity\Module 2 Classes and Objects\Programming Assignment 2\ConsoleCards\Documentation
    C:\ProgramData\EWSoftware\Sandcastle Help File Builder\Components and Plug-Ins\
    C:\Program Files (x86)\EWSoftware\Sandcastle Help File Builder\
Using framework reflection data for &#39;.NET Framework 4.7.2&#39; located in &#39;C:\Program Files (x86)\EWSoftware\Sandcastle Help File Builder\Data\.NETFramework&#39;
Using presentation style &#39;VS2013&#39; located in &#39;C:\Program Files (x86)\EWSoftware\Sandcastle Help File Builder\PresentationStyles\VS2013&#39;
Loading and initializing plug-ins...
Lightweight Website Style Version 2020.3.6.0
Copyright &#169; 2006-2020, Eric Woodruff, All Rights Reserved
Portions Copyright &#169; 2014, Sam Harwell, All Rights Reserved
-------------------------------
Clearing any prior web/markdown output...
</buildStep>
<buildStep step="ValidatingDocumentationSources">
Validating and copying documentation source information
Source: D:\Dropbox\Coursera C# Unity\1 Intro C# Prog Unity\Module 2 Classes and Objects\Programming Assignment 2\ConsoleCards\ConsoleCards\bin\Debug\ConsoleCards.dll
    Found assembly &#39;D:\Dropbox\Coursera C# Unity\1 Intro C# Prog Unity\Module 2 Classes and Objects\Programming Assignment 2\ConsoleCards\ConsoleCards\bin\Debug\ConsoleCards.dll&#39;
Source: D:\Dropbox\Coursera C# Unity\1 Intro C# Prog Unity\Module 2 Classes and Objects\Programming Assignment 2\ConsoleCards\ConsoleCards\bin\Debug\ConsoleCards.xml

Copying XML comments files
    D:\Dropbox\Coursera C# Unity\1 Intro C# Prog Unity\Module 2 Classes and Objects\Programming Assignment 2\ConsoleCards\ConsoleCards\bin\Debug\ConsoleCards.XML -&gt; D:\Dropbox\Coursera C# Unity\1 Intro C# Prog Unity\Module 2 Classes and Objects\Programming Assignment 2\ConsoleCards\Documentation\Help\Working\ConsoleCards.XML
</buildStep>
<buildStep step="GenerateSharedContent">
Generating shared content files (en-US, English (United States))...
<plugIn name="Lightweight Website Style" behavior="After" priority="1000">
</plugIn>    Last step completed in 00:00:00.0150
</buildStep>
<buildStep step="GenerateApiFilter">
Generating API filter for MRefBuilder...
    Last step completed in 00:00:00.0040
</buildStep>
<buildStep step="GenerateReflectionInfo">
Generating reflection information...
[C:\Program Files (x86)\Microsoft Visual Studio\2019\Community\MSBuild\Current\Bin\MSBuild.exe - GenerateRefInfo.proj]
Build started 7/1/2020 8:06:59 AM.
Project &quot;D:\Dropbox\Coursera C# Unity\1 Intro C# Prog Unity\Module 2 Classes and Objects\Programming Assignment 2\ConsoleCards\Documentation\Help\Working\GenerateRefInfo.proj&quot; on node 1 (default targets).
PrepareForBuild:
  Creating directory &quot;obj\Debug\&quot;.
GenerateBindingRedirects:
  No suggested binding redirects from ResolveAssemblyReferences.
GenerateRefInfo:
  MRefBuilder (v2020.3.6.0)
  Copyright c 2006-2020, Microsoft Corporation, All Rights Reserved.
  Portions Copyright c 2006-2020, Eric Woodruff, All Rights Reserved.
  No source code context base path specified.  Source context information is unavailable.
  Loaded 1 assemblies for reflection and 1 dependency assemblies.
  Wrote information on 1 namespaces, 4 types, and 27 members
  Copying file from &quot;D:\Dropbox\Coursera C# Unity\1 Intro C# Prog Unity\Module 2 Classes and Objects\Programming Assignment 2\ConsoleCards\Documentation\Help\Working\reflection.org&quot; to &quot;D:\Dropbox\Coursera C# Unity\1 Intro C# Prog Unity\Module 2 Classes and Objects\Programming Assignment 2\ConsoleCards\Documentation\Help\Working\reflection.all&quot;.
  XslTransform (v2020.3.6.0)
  Copyright c 2006-2020, Microsoft Corporation, All Rights Reserved.
  Portions Copyright c 2006-2020, Eric Woodruff, All Rights Reserved.
  Applying XSL transformation &#39;C:\Program Files (x86)\EWSoftware\Sandcastle Help File Builder\ProductionTransforms\MergeDuplicates.xsl&#39;.
Done Building Project &quot;D:\Dropbox\Coursera C# Unity\1 Intro C# Prog Unity\Module 2 Classes and Objects\Programming Assignment 2\ConsoleCards\Documentation\Help\Working\GenerateRefInfo.proj&quot; (default targets).
    Last step completed in 00:00:00.7980
</buildStep>
<buildStep step="TransformReflectionInfo">
Transforming reflection output...
[C:\Program Files (x86)\Microsoft Visual Studio\2019\Community\MSBuild\Current\Bin\MSBuild.exe - TransformManifest.proj]
Build started 7/1/2020 8:06:59 AM.
Project &quot;D:\Dropbox\Coursera C# Unity\1 Intro C# Prog Unity\Module 2 Classes and Objects\Programming Assignment 2\ConsoleCards\Documentation\Help\Working\TransformManifest.proj&quot; on node 1 (default targets).
TransformManifest:
  XslTransform (v2020.3.6.0)
  Copyright c 2006-2020, Microsoft Corporation, All Rights Reserved.
  Portions Copyright c 2006-2020, Eric Woodruff, All Rights Reserved.
  Applying XSL transformation &#39;C:\Program Files (x86)\EWSoftware\Sandcastle Help File Builder\\ProductionTransforms\ApplyVSDocModel.xsl&#39;.
  Copying file from &quot;D:\Dropbox\Coursera C# Unity\1 Intro C# Prog Unity\Module 2 Classes and Objects\Programming Assignment 2\ConsoleCards\Documentation\Help\Working\reflection.xml&quot; to &quot;D:\Dropbox\Coursera C# Unity\1 Intro C# Prog Unity\Module 2 Classes and Objects\Programming Assignment 2\ConsoleCards\Documentation\Help\Working\reflection.nofilenames&quot;.
  XslTransform (v2020.3.6.0)
  Copyright c 2006-2020, Microsoft Corporation, All Rights Reserved.
  Portions Copyright c 2006-2020, Eric Woodruff, All Rights Reserved.
  Applying XSL transformation &#39;C:\Program Files (x86)\EWSoftware\Sandcastle Help File Builder\ProductionTransforms\AddFilenames.xsl&#39;.
  XslTransform (v2020.3.6.0)
  Copyright c 2006-2020, Microsoft Corporation, All Rights Reserved.
  Portions Copyright c 2006-2020, Eric Woodruff, All Rights Reserved.
  Applying XSL transformation &#39;C:\Program Files (x86)\EWSoftware\Sandcastle Help File Builder\ProductionTransforms\ReflectionToManifest.xsl&#39;.
Done Building Project &quot;D:\Dropbox\Coursera C# Unity\1 Intro C# Prog Unity\Module 2 Classes and Objects\Programming Assignment 2\ConsoleCards\Documentation\Help\Working\TransformManifest.proj&quot; (default targets).
    Last step completed in 00:00:00.5910
</buildStep>
<buildStep step="GenerateNamespaceSummaries">
Generating namespace summary information...
    Last step completed in 00:00:00.0200
</buildStep>
<buildStep step="CopyConceptualContent">
Copying conceptual content...
Copying standard token shared content file...
Checking for other token files...
Checking for code snippets files...
Copying images and creating the media map file...
Generating conceptual topic files
    Parsing topic file &#39;D:\Dropbox\Coursera C# Unity\1 Intro C# Prog Unity\Module 2 Classes and Objects\Programming Assignment 2\ConsoleCards\Documentation\Content\Welcome.aml&#39;
    D:\Dropbox\Coursera C# Unity\1 Intro C# Prog Unity\Module 2 Classes and Objects\Programming Assignment 2\ConsoleCards\Documentation\Content\Welcome.aml -&gt; D:\Dropbox\Coursera C# Unity\1 Intro C# Prog Unity\Module 2 Classes and Objects\Programming Assignment 2\ConsoleCards\Documentation\Help\Working\ddueXml\85fbc414-8fa1-4792-ac38-c90dc4001a72.xml
    Parsing topic file &#39;D:\Dropbox\Coursera C# Unity\1 Intro C# Prog Unity\Module 2 Classes and Objects\Programming Assignment 2\ConsoleCards\Documentation\Content\VersionHistory\VersionHistory.aml&#39;
    D:\Dropbox\Coursera C# Unity\1 Intro C# Prog Unity\Module 2 Classes and Objects\Programming Assignment 2\ConsoleCards\Documentation\Content\VersionHistory\VersionHistory.aml -&gt; D:\Dropbox\Coursera C# Unity\1 Intro C# Prog Unity\Module 2 Classes and Objects\Programming Assignment 2\ConsoleCards\Documentation\Help\Working\ddueXml\8c5c701c-9eb4-404d-b408-46a5c2fb67ee.xml
    Parsing topic file &#39;D:\Dropbox\Coursera C# Unity\1 Intro C# Prog Unity\Module 2 Classes and Objects\Programming Assignment 2\ConsoleCards\Documentation\Content\VersionHistory\v1.0.0.0.aml&#39;
    D:\Dropbox\Coursera C# Unity\1 Intro C# Prog Unity\Module 2 Classes and Objects\Programming Assignment 2\ConsoleCards\Documentation\Content\VersionHistory\v1.0.0.0.aml -&gt; D:\Dropbox\Coursera C# Unity\1 Intro C# Prog Unity\Module 2 Classes and Objects\Programming Assignment 2\ConsoleCards\Documentation\Help\Working\ddueXml\f49af572-7507-42f5-a265-e39ec3c68054.xml
    Last step completed in 00:00:00.0710
</buildStep>
<buildStep step="CreateConceptualTopicConfigs">
Creating conceptual topic configuration files...
    Companion files
    _ContentMetadata_.xml
    Merging topic IDs into manifest.xml
    Last step completed in 00:00:00.0170
</buildStep>
<buildStep step="CopyAdditionalContent">
Copying additional content files...
D:\Dropbox\Coursera C# Unity\1 Intro C# Prog Unity\Module 2 Classes and Objects\Programming Assignment 2\ConsoleCards\Documentation\icons\Help.png -&gt; D:\Dropbox\Coursera C# Unity\1 Intro C# Prog Unity\Module 2 Classes and Objects\Programming Assignment 2\ConsoleCards\Documentation\Help\Working\Output\Website\icons\Help.png
    Last step completed in 00:00:00.0140
</buildStep>
<buildStep step="MergeTablesOfContents">
Merging conceptual and additional tables of contents...
    Last step completed in 00:00:00.0040
</buildStep>
<buildStep step="GenerateIntermediateTableOfContents">
Generating intermediate table of contents file...
[C:\Program Files (x86)\Microsoft Visual Studio\2019\Community\MSBuild\Current\Bin\MSBuild.exe - GenerateIntermediateTOC.proj]
Build started 7/1/2020 8:07:00 AM.
Project &quot;D:\Dropbox\Coursera C# Unity\1 Intro C# Prog Unity\Module 2 Classes and Objects\Programming Assignment 2\ConsoleCards\Documentation\Help\Working\GenerateIntermediateTOC.proj&quot; on node 1 (default targets).
GenerateIntermediateTOC:
  XslTransform (v2020.3.6.0)
  Copyright c 2006-2020, Microsoft Corporation, All Rights Reserved.
  Portions Copyright c 2006-2020, Eric Woodruff, All Rights Reserved.
  Applying XSL transformation &#39;C:\Program Files (x86)\EWSoftware\Sandcastle Help File Builder\\ProductionTransforms\CreateVSToc.xsl&#39;.
Done Building Project &quot;D:\Dropbox\Coursera C# Unity\1 Intro C# Prog Unity\Module 2 Classes and Objects\Programming Assignment 2\ConsoleCards\Documentation\Help\Working\GenerateIntermediateTOC.proj&quot; (default targets).
Generating conceptual content intermediate TOC file...
    Last step completed in 00:00:00.3670
</buildStep>
<buildStep step="CreateBuildAssemblerConfigs">
Creating Sandcastle configuration files...
    sandcastle.config
    Last step completed in 00:00:00.2240
</buildStep>
<buildStep step="MergeCustomConfigs">
Merging custom build component configurations
D:\Dropbox\Coursera C# Unity\1 Intro C# Prog Unity\Module 2 Classes and Objects\Programming Assignment 2\ConsoleCards\Documentation\Help\Working\sandcastle.config
  Updating reference topic configurations.
  Updating conceptual topic configurations.
    Removing unused ExampleComponent.
    Last step completed in 00:00:00.0100
</buildStep>
<buildStep step="BuildTopics">
Building help topics...
[C:\Program Files (x86)\Microsoft Visual Studio\2019\Community\MSBuild\Current\Bin\MSBuild.exe - BuildTopics.proj]
Build started 7/1/2020 8:07:01 AM.
Project &quot;D:\Dropbox\Coursera C# Unity\1 Intro C# Prog Unity\Module 2 Classes and Objects\Programming Assignment 2\ConsoleCards\Documentation\Help\Working\BuildTopics.proj&quot; on node 1 (default targets).
BuildTopics:
  BuildAssembler (v2020.3.6.0)
  Copyright c 2006-2020, Microsoft Corporation, All Rights Reserved.
  Portions Copyright c 2006-2020, Eric Woodruff, All Rights Reserved.
  Loading configuration...
  ResolveReferenceLinksComponent: The member ID URL cache &#39;C:\Users\timch\AppData\Local\EWSoftware\Sandcastle Help File Builder\Cache\MemberIdUrl.cache&#39; does not exist yet.  All IDs will be looked up in this build which will slow it down.
  Processing topics...
  Processed 22 topic(s)
  CopyFromIndexComponent: &quot;metadata&quot; in-memory cache entries used: 1 of 15.
  ResolveArtLinksComponent: Copying media files...
  ResolveReferenceLinksComponent: 4 entries added to the member ID URL cache.  New cache size: 4 entries
  CopyFromIndexComponent: &quot;reflection&quot; in-memory cache entries used: 2 of 15.
  CopyFromIndexComponent: &quot;comments&quot; in-memory cache entries used: 1 of 30.
Done Building Project &quot;D:\Dropbox\Coursera C# Unity\1 Intro C# Prog Unity\Module 2 Classes and Objects\Programming Assignment 2\ConsoleCards\Documentation\Help\Working\BuildTopics.proj&quot; (default targets).
    Last step completed in 00:00:07.7030
</buildStep>
<buildStep step="CombiningIntermediateTocFiles">
Combining conceptual and API intermediate TOC files...
    Last step completed in 00:00:00.0010
</buildStep>
<buildStep step="ExtractingHtmlInfo">
Extracting HTML info for HTML Help 1 and/or website...
[C:\Program Files (x86)\Microsoft Visual Studio\2019\Community\MSBuild\Current\Bin\MSBuild.exe - ExtractHtmlInfo.proj]
Sandcastle Help File Builder and Tools, version 2020.3.6.0
Copyright c 2006-2020, Eric Woodruff, All Rights Reserved
E-Mail: Eric@EWoodruff.us

Using LCID &#39;1033&#39;, code page &#39;65001&#39;, encoding charset &#39;UTF-8&#39;.

Processing website files in D:\Dropbox\Coursera C# Unity\1 Intro C# Prog Unity\Module 2 Classes and Objects\Programming Assignment 2\ConsoleCards\Documentation\Help\Working\Output\Website
Processed 22 HTML files
Sorting keywords and generating See Also indices
Saving website keyword index to D:\Dropbox\Coursera C# Unity\1 Intro C# Prog Unity\Module 2 Classes and Objects\Programming Assignment 2\ConsoleCards\Documentation\Help\Working\WebKI.xml
Saving website table of contents to D:\Dropbox\Coursera C# Unity\1 Intro C# Prog Unity\Module 2 Classes and Objects\Programming Assignment 2\ConsoleCards\Documentation\Help\Working\WebTOC.xml
    Last step completed in 00:00:00.2530
</buildStep>
<buildStep step="CopyStandardHelpContent">
Copying standard help content...
C:\Program Files (x86)\EWSoftware\Sandcastle Help File Builder\PresentationStyles\VS2013\icons\AlertCaution.png -&gt; D:\Dropbox\Coursera C# Unity\1 Intro C# Prog Unity\Module 2 Classes and Objects\Programming Assignment 2\ConsoleCards\Documentation\Help\Working\Output\Website\icons\AlertCaution.png
C:\Program Files (x86)\EWSoftware\Sandcastle Help File Builder\PresentationStyles\VS2013\icons\AlertNote.png -&gt; D:\Dropbox\Coursera C# Unity\1 Intro C# Prog Unity\Module 2 Classes and Objects\Programming Assignment 2\ConsoleCards\Documentation\Help\Working\Output\Website\icons\AlertNote.png
C:\Program Files (x86)\EWSoftware\Sandcastle Help File Builder\PresentationStyles\VS2013\icons\AlertSecurity.png -&gt; D:\Dropbox\Coursera C# Unity\1 Intro C# Prog Unity\Module 2 Classes and Objects\Programming Assignment 2\ConsoleCards\Documentation\Help\Working\Output\Website\icons\AlertSecurity.png
C:\Program Files (x86)\EWSoftware\Sandcastle Help File Builder\PresentationStyles\VS2013\icons\CFW.gif -&gt; D:\Dropbox\Coursera C# Unity\1 Intro C# Prog Unity\Module 2 Classes and Objects\Programming Assignment 2\ConsoleCards\Documentation\Help\Working\Output\Website\icons\CFW.gif
C:\Program Files (x86)\EWSoftware\Sandcastle Help File Builder\PresentationStyles\VS2013\icons\CodeExample.png -&gt; D:\Dropbox\Coursera C# Unity\1 Intro C# Prog Unity\Module 2 Classes and Objects\Programming Assignment 2\ConsoleCards\Documentation\Help\Working\Output\Website\icons\CodeExample.png
C:\Program Files (x86)\EWSoftware\Sandcastle Help File Builder\PresentationStyles\VS2013\icons\favicon.ico -&gt; D:\Dropbox\Coursera C# Unity\1 Intro C# Prog Unity\Module 2 Classes and Objects\Programming Assignment 2\ConsoleCards\Documentation\Help\Working\Output\Website\icons\favicon.ico
C:\Program Files (x86)\EWSoftware\Sandcastle Help File Builder\PresentationStyles\VS2013\icons\privclass.gif -&gt; D:\Dropbox\Coursera C# Unity\1 Intro C# Prog Unity\Module 2 Classes and Objects\Programming Assignment 2\ConsoleCards\Documentation\Help\Working\Output\Website\icons\privclass.gif
C:\Program Files (x86)\EWSoftware\Sandcastle Help File Builder\PresentationStyles\VS2013\icons\privdelegate.gif -&gt; D:\Dropbox\Coursera C# Unity\1 Intro C# Prog Unity\Module 2 Classes and Objects\Programming Assignment 2\ConsoleCards\Documentation\Help\Working\Output\Website\icons\privdelegate.gif
C:\Program Files (x86)\EWSoftware\Sandcastle Help File Builder\PresentationStyles\VS2013\icons\privenumeration.gif -&gt; D:\Dropbox\Coursera C# Unity\1 Intro C# Prog Unity\Module 2 Classes and Objects\Programming Assignment 2\ConsoleCards\Documentation\Help\Working\Output\Website\icons\privenumeration.gif
C:\Program Files (x86)\EWSoftware\Sandcastle Help File Builder\PresentationStyles\VS2013\icons\privevent.gif -&gt; D:\Dropbox\Coursera C# Unity\1 Intro C# Prog Unity\Module 2 Classes and Objects\Programming Assignment 2\ConsoleCards\Documentation\Help\Working\Output\Website\icons\privevent.gif
C:\Program Files (x86)\EWSoftware\Sandcastle Help File Builder\PresentationStyles\VS2013\icons\privextension.gif -&gt; D:\Dropbox\Coursera C# Unity\1 Intro C# Prog Unity\Module 2 Classes and Objects\Programming Assignment 2\ConsoleCards\Documentation\Help\Working\Output\Website\icons\privextension.gif
C:\Program Files (x86)\EWSoftware\Sandcastle Help File Builder\PresentationStyles\VS2013\icons\privfield.gif -&gt; D:\Dropbox\Coursera C# Unity\1 Intro C# Prog Unity\Module 2 Classes and Objects\Programming Assignment 2\ConsoleCards\Documentation\Help\Working\Output\Website\icons\privfield.gif
C:\Program Files (x86)\EWSoftware\Sandcastle Help File Builder\PresentationStyles\VS2013\icons\privinterface.gif -&gt; D:\Dropbox\Coursera C# Unity\1 Intro C# Prog Unity\Module 2 Classes and Objects\Programming Assignment 2\ConsoleCards\Documentation\Help\Working\Output\Website\icons\privinterface.gif
C:\Program Files (x86)\EWSoftware\Sandcastle Help File Builder\PresentationStyles\VS2013\icons\privmethod.gif -&gt; D:\Dropbox\Coursera C# Unity\1 Intro C# Prog Unity\Module 2 Classes and Objects\Programming Assignment 2\ConsoleCards\Documentation\Help\Working\Output\Website\icons\privmethod.gif
C:\Program Files (x86)\EWSoftware\Sandcastle Help File Builder\PresentationStyles\VS2013\icons\privproperty.gif -&gt; D:\Dropbox\Coursera C# Unity\1 Intro C# Prog Unity\Module 2 Classes and Objects\Programming Assignment 2\ConsoleCards\Documentation\Help\Working\Output\Website\icons\privproperty.gif
C:\Program Files (x86)\EWSoftware\Sandcastle Help File Builder\PresentationStyles\VS2013\icons\privstructure.gif -&gt; D:\Dropbox\Coursera C# Unity\1 Intro C# Prog Unity\Module 2 Classes and Objects\Programming Assignment 2\ConsoleCards\Documentation\Help\Working\Output\Website\icons\privstructure.gif
C:\Program Files (x86)\EWSoftware\Sandcastle Help File Builder\PresentationStyles\VS2013\icons\protclass.gif -&gt; D:\Dropbox\Coursera C# Unity\1 Intro C# Prog Unity\Module 2 Classes and Objects\Programming Assignment 2\ConsoleCards\Documentation\Help\Working\Output\Website\icons\protclass.gif
C:\Program Files (x86)\EWSoftware\Sandcastle Help File Builder\PresentationStyles\VS2013\icons\protdelegate.gif -&gt; D:\Dropbox\Coursera C# Unity\1 Intro C# Prog Unity\Module 2 Classes and Objects\Programming Assignment 2\ConsoleCards\Documentation\Help\Working\Output\Website\icons\protdelegate.gif
C:\Program Files (x86)\EWSoftware\Sandcastle Help File Builder\PresentationStyles\VS2013\icons\protenumeration.gif -&gt; D:\Dropbox\Coursera C# Unity\1 Intro C# Prog Unity\Module 2 Classes and Objects\Programming Assignment 2\ConsoleCards\Documentation\Help\Working\Output\Website\icons\protenumeration.gif
C:\Program Files (x86)\EWSoftware\Sandcastle Help File Builder\PresentationStyles\VS2013\icons\protevent.gif -&gt; D:\Dropbox\Coursera C# Unity\1 Intro C# Prog Unity\Module 2 Classes and Objects\Programming Assignment 2\ConsoleCards\Documentation\Help\Working\Output\Website\icons\protevent.gif
C:\Program Files (x86)\EWSoftware\Sandcastle Help File Builder\PresentationStyles\VS2013\icons\protextension.gif -&gt; D:\Dropbox\Coursera C# Unity\1 Intro C# Prog Unity\Module 2 Classes and Objects\Programming Assignment 2\ConsoleCards\Documentation\Help\Working\Output\Website\icons\protextension.gif
C:\Program Files (x86)\EWSoftware\Sandcastle Help File Builder\PresentationStyles\VS2013\icons\protfield.gif -&gt; D:\Dropbox\Coursera C# Unity\1 Intro C# Prog Unity\Module 2 Classes and Objects\Programming Assignment 2\ConsoleCards\Documentation\Help\Working\Output\Website\icons\protfield.gif
C:\Program Files (x86)\EWSoftware\Sandcastle Help File Builder\PresentationStyles\VS2013\icons\protinterface.gif -&gt; D:\Dropbox\Coursera C# Unity\1 Intro C# Prog Unity\Module 2 Classes and Objects\Programming Assignment 2\ConsoleCards\Documentation\Help\Working\Output\Website\icons\protinterface.gif
C:\Program Files (x86)\EWSoftware\Sandcastle Help File Builder\PresentationStyles\VS2013\icons\protmethod.gif -&gt; D:\Dropbox\Coursera C# Unity\1 Intro C# Prog Unity\Module 2 Classes and Objects\Programming Assignment 2\ConsoleCards\Documentation\Help\Working\Output\Website\icons\protmethod.gif
C:\Program Files (x86)\EWSoftware\Sandcastle Help File Builder\PresentationStyles\VS2013\icons\protoperator.gif -&gt; D:\Dropbox\Coursera C# Unity\1 Intro C# Prog Unity\Module 2 Classes and Objects\Programming Assignment 2\ConsoleCards\Documentation\Help\Working\Output\Website\icons\protoperator.gif
C:\Program Files (x86)\EWSoftware\Sandcastle Help File Builder\PresentationStyles\VS2013\icons\protproperty.gif -&gt; D:\Dropbox\Coursera C# Unity\1 Intro C# Prog Unity\Module 2 Classes and Objects\Programming Assignment 2\ConsoleCards\Documentation\Help\Working\Output\Website\icons\protproperty.gif
C:\Program Files (x86)\EWSoftware\Sandcastle Help File Builder\PresentationStyles\VS2013\icons\protstructure.gif -&gt; D:\Dropbox\Coursera C# Unity\1 Intro C# Prog Unity\Module 2 Classes and Objects\Programming Assignment 2\ConsoleCards\Documentation\Help\Working\Output\Website\icons\protstructure.gif
C:\Program Files (x86)\EWSoftware\Sandcastle Help File Builder\PresentationStyles\VS2013\icons\pubclass.gif -&gt; D:\Dropbox\Coursera C# Unity\1 Intro C# Prog Unity\Module 2 Classes and Objects\Programming Assignment 2\ConsoleCards\Documentation\Help\Working\Output\Website\icons\pubclass.gif
C:\Program Files (x86)\EWSoftware\Sandcastle Help File Builder\PresentationStyles\VS2013\icons\pubdelegate.gif -&gt; D:\Dropbox\Coursera C# Unity\1 Intro C# Prog Unity\Module 2 Classes and Objects\Programming Assignment 2\ConsoleCards\Documentation\Help\Working\Output\Website\icons\pubdelegate.gif
C:\Program Files (x86)\EWSoftware\Sandcastle Help File Builder\PresentationStyles\VS2013\icons\pubenumeration.gif -&gt; D:\Dropbox\Coursera C# Unity\1 Intro C# Prog Unity\Module 2 Classes and Objects\Programming Assignment 2\ConsoleCards\Documentation\Help\Working\Output\Website\icons\pubenumeration.gif
C:\Program Files (x86)\EWSoftware\Sandcastle Help File Builder\PresentationStyles\VS2013\icons\pubevent.gif -&gt; D:\Dropbox\Coursera C# Unity\1 Intro C# Prog Unity\Module 2 Classes and Objects\Programming Assignment 2\ConsoleCards\Documentation\Help\Working\Output\Website\icons\pubevent.gif
C:\Program Files (x86)\EWSoftware\Sandcastle Help File Builder\PresentationStyles\VS2013\icons\pubextension.gif -&gt; D:\Dropbox\Coursera C# Unity\1 Intro C# Prog Unity\Module 2 Classes and Objects\Programming Assignment 2\ConsoleCards\Documentation\Help\Working\Output\Website\icons\pubextension.gif
C:\Program Files (x86)\EWSoftware\Sandcastle Help File Builder\PresentationStyles\VS2013\icons\pubfield.gif -&gt; D:\Dropbox\Coursera C# Unity\1 Intro C# Prog Unity\Module 2 Classes and Objects\Programming Assignment 2\ConsoleCards\Documentation\Help\Working\Output\Website\icons\pubfield.gif
C:\Program Files (x86)\EWSoftware\Sandcastle Help File Builder\PresentationStyles\VS2013\icons\pubinterface.gif -&gt; D:\Dropbox\Coursera C# Unity\1 Intro C# Prog Unity\Module 2 Classes and Objects\Programming Assignment 2\ConsoleCards\Documentation\Help\Working\Output\Website\icons\pubinterface.gif
C:\Program Files (x86)\EWSoftware\Sandcastle Help File Builder\PresentationStyles\VS2013\icons\pubmethod.gif -&gt; D:\Dropbox\Coursera C# Unity\1 Intro C# Prog Unity\Module 2 Classes and Objects\Programming Assignment 2\ConsoleCards\Documentation\Help\Working\Output\Website\icons\pubmethod.gif
C:\Program Files (x86)\EWSoftware\Sandcastle Help File Builder\PresentationStyles\VS2013\icons\puboperator.gif -&gt; D:\Dropbox\Coursera C# Unity\1 Intro C# Prog Unity\Module 2 Classes and Objects\Programming Assignment 2\ConsoleCards\Documentation\Help\Working\Output\Website\icons\puboperator.gif
C:\Program Files (x86)\EWSoftware\Sandcastle Help File Builder\PresentationStyles\VS2013\icons\pubproperty.gif -&gt; D:\Dropbox\Coursera C# Unity\1 Intro C# Prog Unity\Module 2 Classes and Objects\Programming Assignment 2\ConsoleCards\Documentation\Help\Working\Output\Website\icons\pubproperty.gif
C:\Program Files (x86)\EWSoftware\Sandcastle Help File Builder\PresentationStyles\VS2013\icons\pubstructure.gif -&gt; D:\Dropbox\Coursera C# Unity\1 Intro C# Prog Unity\Module 2 Classes and Objects\Programming Assignment 2\ConsoleCards\Documentation\Help\Working\Output\Website\icons\pubstructure.gif
C:\Program Files (x86)\EWSoftware\Sandcastle Help File Builder\PresentationStyles\VS2013\icons\SectionCollapsed.png -&gt; D:\Dropbox\Coursera C# Unity\1 Intro C# Prog Unity\Module 2 Classes and Objects\Programming Assignment 2\ConsoleCards\Documentation\Help\Working\Output\Website\icons\SectionCollapsed.png
C:\Program Files (x86)\EWSoftware\Sandcastle Help File Builder\PresentationStyles\VS2013\icons\SectionExpanded.png -&gt; D:\Dropbox\Coursera C# Unity\1 Intro C# Prog Unity\Module 2 Classes and Objects\Programming Assignment 2\ConsoleCards\Documentation\Help\Working\Output\Website\icons\SectionExpanded.png
C:\Program Files (x86)\EWSoftware\Sandcastle Help File Builder\PresentationStyles\VS2013\icons\slMobile.gif -&gt; D:\Dropbox\Coursera C# Unity\1 Intro C# Prog Unity\Module 2 Classes and Objects\Programming Assignment 2\ConsoleCards\Documentation\Help\Working\Output\Website\icons\slMobile.gif
C:\Program Files (x86)\EWSoftware\Sandcastle Help File Builder\PresentationStyles\VS2013\icons\static.gif -&gt; D:\Dropbox\Coursera C# Unity\1 Intro C# Prog Unity\Module 2 Classes and Objects\Programming Assignment 2\ConsoleCards\Documentation\Help\Working\Output\Website\icons\static.gif
C:\Program Files (x86)\EWSoftware\Sandcastle Help File Builder\PresentationStyles\VS2013\icons\xna.gif -&gt; D:\Dropbox\Coursera C# Unity\1 Intro C# Prog Unity\Module 2 Classes and Objects\Programming Assignment 2\ConsoleCards\Documentation\Help\Working\Output\Website\icons\xna.gif
C:\Program Files (x86)\EWSoftware\Sandcastle Help File Builder\PresentationStyles\VS2013\scripts\branding.js -&gt; D:\Dropbox\Coursera C# Unity\1 Intro C# Prog Unity\Module 2 Classes and Objects\Programming Assignment 2\ConsoleCards\Documentation\Help\Working\Output\Website\scripts\branding.js
C:\Program Files (x86)\EWSoftware\Sandcastle Help File Builder\PresentationStyles\VS2013\styles\branding-cs-CZ.css -&gt; D:\Dropbox\Coursera C# Unity\1 Intro C# Prog Unity\Module 2 Classes and Objects\Programming Assignment 2\ConsoleCards\Documentation\Help\Working\Output\Website\styles\branding-cs-CZ.css
C:\Program Files (x86)\EWSoftware\Sandcastle Help File Builder\PresentationStyles\VS2013\styles\branding-de-DE.css -&gt; D:\Dropbox\Coursera C# Unity\1 Intro C# Prog Unity\Module 2 Classes and Objects\Programming Assignment 2\ConsoleCards\Documentation\Help\Working\Output\Website\styles\branding-de-DE.css
C:\Program Files (x86)\EWSoftware\Sandcastle Help File Builder\PresentationStyles\VS2013\styles\branding-en-US.css -&gt; D:\Dropbox\Coursera C# Unity\1 Intro C# Prog Unity\Module 2 Classes and Objects\Programming Assignment 2\ConsoleCards\Documentation\Help\Working\Output\Website\styles\branding-en-US.css
C:\Program Files (x86)\EWSoftware\Sandcastle Help File Builder\PresentationStyles\VS2013\styles\branding-es-ES.css -&gt; D:\Dropbox\Coursera C# Unity\1 Intro C# Prog Unity\Module 2 Classes and Objects\Programming Assignment 2\ConsoleCards\Documentation\Help\Working\Output\Website\styles\branding-es-ES.css
C:\Program Files (x86)\EWSoftware\Sandcastle Help File Builder\PresentationStyles\VS2013\styles\branding-fr-FR.css -&gt; D:\Dropbox\Coursera C# Unity\1 Intro C# Prog Unity\Module 2 Classes and Objects\Programming Assignment 2\ConsoleCards\Documentation\Help\Working\Output\Website\styles\branding-fr-FR.css
C:\Program Files (x86)\EWSoftware\Sandcastle Help File Builder\PresentationStyles\VS2013\styles\branding-Help1.css -&gt; D:\Dropbox\Coursera C# Unity\1 Intro C# Prog Unity\Module 2 Classes and Objects\Programming Assignment 2\ConsoleCards\Documentation\Help\Working\Output\Website\styles\branding-Help1.css
C:\Program Files (x86)\EWSoftware\Sandcastle Help File Builder\PresentationStyles\VS2013\styles\branding-HelpViewer.css -&gt; D:\Dropbox\Coursera C# Unity\1 Intro C# Prog Unity\Module 2 Classes and Objects\Programming Assignment 2\ConsoleCards\Documentation\Help\Working\Output\Website\styles\branding-HelpViewer.css
C:\Program Files (x86)\EWSoftware\Sandcastle Help File Builder\PresentationStyles\VS2013\styles\branding-it-IT.css -&gt; D:\Dropbox\Coursera C# Unity\1 Intro C# Prog Unity\Module 2 Classes and Objects\Programming Assignment 2\ConsoleCards\Documentation\Help\Working\Output\Website\styles\branding-it-IT.css
C:\Program Files (x86)\EWSoftware\Sandcastle Help File Builder\PresentationStyles\VS2013\styles\branding-ja-JP.css -&gt; D:\Dropbox\Coursera C# Unity\1 Intro C# Prog Unity\Module 2 Classes and Objects\Programming Assignment 2\ConsoleCards\Documentation\Help\Working\Output\Website\styles\branding-ja-JP.css
C:\Program Files (x86)\EWSoftware\Sandcastle Help File Builder\PresentationStyles\VS2013\styles\branding-ko-KR.css -&gt; D:\Dropbox\Coursera C# Unity\1 Intro C# Prog Unity\Module 2 Classes and Objects\Programming Assignment 2\ConsoleCards\Documentation\Help\Working\Output\Website\styles\branding-ko-KR.css
C:\Program Files (x86)\EWSoftware\Sandcastle Help File Builder\PresentationStyles\VS2013\styles\branding-pl-PL.css -&gt; D:\Dropbox\Coursera C# Unity\1 Intro C# Prog Unity\Module 2 Classes and Objects\Programming Assignment 2\ConsoleCards\Documentation\Help\Working\Output\Website\styles\branding-pl-PL.css
C:\Program Files (x86)\EWSoftware\Sandcastle Help File Builder\PresentationStyles\VS2013\styles\branding-pt-BR.css -&gt; D:\Dropbox\Coursera C# Unity\1 Intro C# Prog Unity\Module 2 Classes and Objects\Programming Assignment 2\ConsoleCards\Documentation\Help\Working\Output\Website\styles\branding-pt-BR.css
C:\Program Files (x86)\EWSoftware\Sandcastle Help File Builder\PresentationStyles\VS2013\styles\branding-ru-RU.css -&gt; D:\Dropbox\Coursera C# Unity\1 Intro C# Prog Unity\Module 2 Classes and Objects\Programming Assignment 2\ConsoleCards\Documentation\Help\Working\Output\Website\styles\branding-ru-RU.css
C:\Program Files (x86)\EWSoftware\Sandcastle Help File Builder\PresentationStyles\VS2013\styles\branding-tr-TR.css -&gt; D:\Dropbox\Coursera C# Unity\1 Intro C# Prog Unity\Module 2 Classes and Objects\Programming Assignment 2\ConsoleCards\Documentation\Help\Working\Output\Website\styles\branding-tr-TR.css
C:\Program Files (x86)\EWSoftware\Sandcastle Help File Builder\PresentationStyles\VS2013\styles\branding-Website.css -&gt; D:\Dropbox\Coursera C# Unity\1 Intro C# Prog Unity\Module 2 Classes and Objects\Programming Assignment 2\ConsoleCards\Documentation\Help\Working\Output\Website\styles\branding-Website.css
C:\Program Files (x86)\EWSoftware\Sandcastle Help File Builder\PresentationStyles\VS2013\styles\branding-zh-CN.css -&gt; D:\Dropbox\Coursera C# Unity\1 Intro C# Prog Unity\Module 2 Classes and Objects\Programming Assignment 2\ConsoleCards\Documentation\Help\Working\Output\Website\styles\branding-zh-CN.css
C:\Program Files (x86)\EWSoftware\Sandcastle Help File Builder\PresentationStyles\VS2013\styles\branding-zh-TW.css -&gt; D:\Dropbox\Coursera C# Unity\1 Intro C# Prog Unity\Module 2 Classes and Objects\Programming Assignment 2\ConsoleCards\Documentation\Help\Working\Output\Website\styles\branding-zh-TW.css
C:\Program Files (x86)\EWSoftware\Sandcastle Help File Builder\PresentationStyles\VS2013\styles\branding.css -&gt; D:\Dropbox\Coursera C# Unity\1 Intro C# Prog Unity\Module 2 Classes and Objects\Programming Assignment 2\ConsoleCards\Documentation\Help\Working\Output\Website\styles\branding.css
C:\Program Files (x86)\EWSoftware\Sandcastle Help File Builder\PresentationStyles\VS2013\Web\index.html -&gt; D:\Dropbox\Coursera C# Unity\1 Intro C# Prog Unity\Module 2 Classes and Objects\Programming Assignment 2\ConsoleCards\Documentation\Help\Working\Output\Website\index.html
C:\Program Files (x86)\EWSoftware\Sandcastle Help File Builder\PresentationStyles\VS2013\Web\search.html -&gt; D:\Dropbox\Coursera C# Unity\1 Intro C# Prog Unity\Module 2 Classes and Objects\Programming Assignment 2\ConsoleCards\Documentation\Help\Working\Output\Website\search.html
C:\Program Files (x86)\EWSoftware\Sandcastle Help File Builder\PresentationStyles\VS2013\Web\SearchHelp.aspx -&gt; D:\Dropbox\Coursera C# Unity\1 Intro C# Prog Unity\Module 2 Classes and Objects\Programming Assignment 2\ConsoleCards\Documentation\Help\Working\Output\Website\SearchHelp.aspx
C:\Program Files (x86)\EWSoftware\Sandcastle Help File Builder\PresentationStyles\VS2013\Web\SearchHelp.inc.php -&gt; D:\Dropbox\Coursera C# Unity\1 Intro C# Prog Unity\Module 2 Classes and Objects\Programming Assignment 2\ConsoleCards\Documentation\Help\Working\Output\Website\SearchHelp.inc.php
C:\Program Files (x86)\EWSoftware\Sandcastle Help File Builder\PresentationStyles\VS2013\Web\SearchHelp.php -&gt; D:\Dropbox\Coursera C# Unity\1 Intro C# Prog Unity\Module 2 Classes and Objects\Programming Assignment 2\ConsoleCards\Documentation\Help\Working\Output\Website\SearchHelp.php
C:\Program Files (x86)\EWSoftware\Sandcastle Help File Builder\PresentationStyles\VS2013\Web\Web.Config -&gt; D:\Dropbox\Coursera C# Unity\1 Intro C# Prog Unity\Module 2 Classes and Objects\Programming Assignment 2\ConsoleCards\Documentation\Help\Working\Output\Website\Web.Config
C:\Program Files (x86)\EWSoftware\Sandcastle Help File Builder\PresentationStyles\VS2013\Web\html\GeneralError.htm -&gt; D:\Dropbox\Coursera C# Unity\1 Intro C# Prog Unity\Module 2 Classes and Objects\Programming Assignment 2\ConsoleCards\Documentation\Help\Working\Output\Website\html\GeneralError.htm
C:\Program Files (x86)\EWSoftware\Sandcastle Help File Builder\PresentationStyles\VS2013\Web\html\PageNotFound.htm -&gt; D:\Dropbox\Coursera C# Unity\1 Intro C# Prog Unity\Module 2 Classes and Objects\Programming Assignment 2\ConsoleCards\Documentation\Help\Working\Output\Website\html\PageNotFound.htm
C:\Program Files (x86)\EWSoftware\Sandcastle Help File Builder\PresentationStyles\VS2013\Web\icons\Search.png -&gt; D:\Dropbox\Coursera C# Unity\1 Intro C# Prog Unity\Module 2 Classes and Objects\Programming Assignment 2\ConsoleCards\Documentation\Help\Working\Output\Website\icons\Search.png
C:\Program Files (x86)\EWSoftware\Sandcastle Help File Builder\PresentationStyles\VS2013\Web\icons\TocClose.gif -&gt; D:\Dropbox\Coursera C# Unity\1 Intro C# Prog Unity\Module 2 Classes and Objects\Programming Assignment 2\ConsoleCards\Documentation\Help\Working\Output\Website\icons\TocClose.gif
C:\Program Files (x86)\EWSoftware\Sandcastle Help File Builder\PresentationStyles\VS2013\Web\icons\TocCollapsed.gif -&gt; D:\Dropbox\Coursera C# Unity\1 Intro C# Prog Unity\Module 2 Classes and Objects\Programming Assignment 2\ConsoleCards\Documentation\Help\Working\Output\Website\icons\TocCollapsed.gif
C:\Program Files (x86)\EWSoftware\Sandcastle Help File Builder\PresentationStyles\VS2013\Web\icons\TocExpanded.gif -&gt; D:\Dropbox\Coursera C# Unity\1 Intro C# Prog Unity\Module 2 Classes and Objects\Programming Assignment 2\ConsoleCards\Documentation\Help\Working\Output\Website\icons\TocExpanded.gif
C:\Program Files (x86)\EWSoftware\Sandcastle Help File Builder\PresentationStyles\VS2013\Web\icons\TocOpen.gif -&gt; D:\Dropbox\Coursera C# Unity\1 Intro C# Prog Unity\Module 2 Classes and Objects\Programming Assignment 2\ConsoleCards\Documentation\Help\Working\Output\Website\icons\TocOpen.gif
C:\Program Files (x86)\EWSoftware\Sandcastle Help File Builder\PresentationStyles\VS2013\Web\scripts\branding-Website.js -&gt; D:\Dropbox\Coursera C# Unity\1 Intro C# Prog Unity\Module 2 Classes and Objects\Programming Assignment 2\ConsoleCards\Documentation\Help\Working\Output\Website\scripts\branding-Website.js
C:\Program Files (x86)\EWSoftware\Sandcastle Help File Builder\PresentationStyles\VS2013\Web\scripts\clipboard.min.js -&gt; D:\Dropbox\Coursera C# Unity\1 Intro C# Prog Unity\Module 2 Classes and Objects\Programming Assignment 2\ConsoleCards\Documentation\Help\Working\Output\Website\scripts\clipboard.min.js
C:\Program Files (x86)\EWSoftware\Sandcastle Help File Builder\PresentationStyles\VS2013\Web\scripts\jquery-3.3.1.min.js -&gt; D:\Dropbox\Coursera C# Unity\1 Intro C# Prog Unity\Module 2 Classes and Objects\Programming Assignment 2\ConsoleCards\Documentation\Help\Working\Output\Website\scripts\jquery-3.3.1.min.js
    Last step completed in 00:00:00.9540
</buildStep>
<buildStep step="GenerateHelpFormatTableOfContents">
Generating website table of contents file...
    Last step completed in 00:00:00.0010
</buildStep>
<buildStep step="GenerateFullTextIndex">
Generating full-text index for the website...

<plugIn name="Lightweight Website Style" behavior="After" priority="1000">
Adding lightweight search and TOC elements to each topic...
</plugIn>    Last step completed in 00:00:00.0650
</buildStep>
<buildStep step="CopyingWebsiteFiles">
Copying website files to output folder...

Copied 135 files for the website content
    Last step completed in 00:00:00.1090
</buildStep>
<buildStep step="CleanIntermediates">
Removing intermediate files...
    Last step completed in 00:00:00.0280
</buildStep>
<buildStep step="Completed">

Build completed successfully at 7/1/2020 8:07:10 AM.  Total time: 00:00:12.4810

</buildStep>
</shfbBuild>
